-- The C compiler identification is AppleClang 11.0.0.11000033
-- The CXX compiler identification is AppleClang 11.0.0.11000033
-- Detecting C compiler ABI info
-- Detecting C compiler ABI info - done
-- Check for working C compiler: /usr/bin/cc - skipped
-- Detecting C compile features
-- Detecting C compile features - done
-- Detecting CXX compiler ABI info
-- Detecting CXX compiler ABI info - done
-- Check for working CXX compiler: /usr/bin/c++ - skipped
-- Detecting CXX compile features
-- Detecting CXX compile features - done
-- 
-- Architecture: x64
-- Performing Test mi_has_libpthread
-- Performing Test mi_has_libpthread - Success
-- Performing Test mi_has_librt
-- Performing Test mi_has_librt - Failed
-- Performing Test mi_has_libatomic
-- Performing Test mi_has_libatomic - Failed
-- 
-- Library name     : mimalloc
-- Version          : 2.2.4
-- Build type       : release
-- C Compiler       : /usr/bin/cc
-- Compiler flags   : -Wall;-Wextra;-Wpedantic;-Wno-unknown-pragmas;-fvisibility=hidden;-Wstrict-prototypes;-Wno-static-in-inline;-ftls-model=local-dynamic
-- Compiler defines : MI_CMAKE_BUILD_TYPE=release;MI_BUILD_RELEASE
-- Link libraries   : pthread
-- Build targets    : static
-- 
-- Configuring done (1.3s)
-- Generating done (0.0s)
-- Build files have been written to: /Users/sharadsingh/Dev/cpp_proj/build/Arrow-prefix/src/Arrow-build/mimalloc_ep-prefix/src/mimalloc_ep-build
