-- Downloading...
   dst='/Users/sharadsingh/Dev/cpp_proj/build/Arrow-prefix/src/Arrow-build/mimalloc_ep-prefix/src/v2.2.4.tar.gz'
   timeout='none'
   inactivity timeout='none'
-- Using src='https://github.com/microsoft/mimalloc/archive/v2.2.4.tar.gz'
-- [download 0% complete]
-- [download 1% complete]
-- [download 3% complete]
-- [download 4% complete]
-- [download 6% complete]
-- [download 7% complete]
-- [download 8% complete]
-- [download 9% complete]
-- [download 12% complete]
-- [download 14% complete]
-- [download 15% complete]
-- [download 16% complete]
-- [download 17% complete]
-- [download 18% complete]
-- [download 19% complete]
-- [download 21% complete]
-- [download 23% complete]
-- [download 24% complete]
-- [download 26% complete]
-- [download 27% complete]
-- [download 30% complete]
-- [download 33% complete]
-- [download 34% complete]
-- [download 35% complete]
-- [download 37% complete]
-- [download 40% complete]
-- [download 44% complete]
-- [download 46% complete]
-- [download 47% complete]
-- [download 50% complete]
-- [download 51% complete]
-- [download 53% complete]
-- [download 54% complete]
-- [download 56% complete]
-- [download 59% complete]
-- [download 60% complete]
-- [download 63% complete]
-- [download 64% complete]
-- [download 66% complete]
-- [download 67% complete]
-- [download 68% complete]
-- [download 70% complete]
-- [download 72% complete]
-- [download 75% complete]
-- [download 76% complete]
-- [download 79% complete]
-- [download 80% complete]
-- [download 81% complete]
-- [download 84% complete]
-- [download 87% complete]
-- [download 89% complete]
-- [download 90% complete]
-- [download 91% complete]
-- [download 93% complete]
-- [download 94% complete]
-- [download 96% complete]
-- [download 98% complete]
-- [download 100% complete]
-- verifying file...
       file='/Users/sharadsingh/Dev/cpp_proj/build/Arrow-prefix/src/Arrow-build/mimalloc_ep-prefix/src/v2.2.4.tar.gz'
-- Downloading... done
-- extracting...
     src='/Users/sharadsingh/Dev/cpp_proj/build/Arrow-prefix/src/Arrow-build/mimalloc_ep-prefix/src/v2.2.4.tar.gz'
     dst='/Users/sharadsingh/Dev/cpp_proj/build/Arrow-prefix/src/Arrow-build/mimalloc_ep-prefix/src/mimalloc_ep'
-- extracting... [tar xfz]
-- extracting... [analysis]
-- extracting... [rename]
-- extracting... [clean up]
-- extracting... done
