-- Downloading...
   dst='/Users/sharadsingh/Dev/cpp_proj/build/Arrow-prefix/src/Arrow-build/src/13.0.0.tar.gz'
   timeout='none'
   inactivity timeout='none'
-- Using src='https://github.com/xtensor-stack/xsimd/archive/13.0.0.tar.gz'
-- [download 5% complete]
-- [download 6% complete]
-- [download 7% complete]
-- [download 15% complete]
-- [download 16% complete]
-- [download 18% complete]
-- [download 22% complete]
-- [download 27% complete]
-- [download 37% complete]
-- [download 39% complete]
-- [download 41% complete]
-- [download 42% complete]
-- [download 43% complete]
-- [download 45% complete]
-- [download 63% complete]
-- [download 69% complete]
-- [download 80% complete]
-- [download 86% complete]
-- [download 88% complete]
-- [download 93% complete]
-- [download 94% complete]
-- [download 95% complete]
-- [download 98% complete]
-- [download 100% complete]
-- verifying file...
       file='/Users/sharadsingh/Dev/cpp_proj/build/Arrow-prefix/src/Arrow-build/src/13.0.0.tar.gz'
-- Downloading... done
-- extracting...
     src='/Users/sharadsingh/Dev/cpp_proj/build/Arrow-prefix/src/Arrow-build/src/13.0.0.tar.gz'
     dst='/Users/sharadsingh/Dev/cpp_proj/build/Arrow-prefix/src/Arrow-build/src/xsimd_ep'
-- extracting... [tar xfz]
-- extracting... [analysis]
-- extracting... [rename]
-- extracting... [clean up]
-- extracting... done
